(.venv) /home/elarreaa/jepa-big-earth# make run-all
python main.py all
[time] >>> scan+subset ...
scan labels: 100%|█████████████████████████████████████████████████████████████████████| 20000/20000 [05:48<00:00, 57.43it/s]
build subset: 100%|████████████████████████████████████████████████████████████████████| 10000/10000 [04:25<00:00, 37.71it/s]
[time] <<< scan+subset: 748.6s
[time] >>> eda ...
[time] <<< eda: 0.6s
[time] >>> jepa encode ...
[jepa] torch=2.6.0+cu124 torch.version.cuda=12.4 cuda_available=True -> device=cuda
[jepa] >>> USANDO CUDA: GPU 0 = NVIDIA H200 <<<
[transformers] `torch_dtype` is deprecated! Use `dtype` instead!
Loading weights: 100%|███████████████████████████████████████████████████████████████████| 517/517 [00:00<00:00, 2996.48it/s]
jepa encode: 100%|█████████████████████████████████████████████████████████████████████████| 625/625 [00:11<00:00, 52.28it/s]
[time] <<< jepa encode: 31.1s
[time] >>> tune ...
[tune] 1/3 GridSearchCV: 13 C x 10x3 folds
Fitting 30 folds for each of 13 candidates, totalling 390 fits
[CV] END .......................................clf__C=0.001; total time=   6.0s
[CV] END .......................................clf__C=0.001; total time=   6.4s
[CV] END .......................................clf__C=0.001; total time=   7.5s
[CV] END .......................................clf__C=0.001; total time=   6.4s
[CV] END .......................................clf__C=0.001; total time=  13.2s
[CV] END .......................................clf__C=0.001; total time=  13.8s
[CV] END .......................................clf__C=0.001; total time=  14.0s
[CV] END .......................................clf__C=0.001; total time=  14.1s
[CV] END .......................................clf__C=0.001; total time=  14.2s
[CV] END .......................................clf__C=0.001; total time=   8.1s
[CV] END .......................................clf__C=0.001; total time=   1.9s
[CV] END .......................................clf__C=0.001; total time=   7.3s
[CV] END .......................................clf__C=0.001; total time=   3.4s
[CV] END .......................................clf__C=0.001; total time=   5.5s
[CV] END .......................................clf__C=0.001; total time=   5.0s
[CV] END .......................................clf__C=0.001; total time=   5.5s
[CV] END .......................................clf__C=0.001; total time=   6.1s
[CV] END .......................................clf__C=0.001; total time=   1.6s
[CV] END .......................................clf__C=0.001; total time=   9.1s
[CV] END .......................................clf__C=0.001; total time=   8.3s
[CV] END .......................................clf__C=0.001; total time=   6.5s
[CV] END .......................................clf__C=0.001; total time=  12.4s
[CV] END .......................................clf__C=0.001; total time=   5.5s
[CV] END .......................................clf__C=0.001; total time=  15.5s
[CV] END .......................clf__C=0.0031622776601683794; total time=   4.2s
[CV] END .......................................clf__C=0.001; total time=  13.2s
[CV] END .......................................clf__C=0.001; total time=  15.2s
[CV] END .......................................clf__C=0.001; total time=   8.6s
[CV] END .......................clf__C=0.0031622776601683794; total time=   4.0s
[CV] END .......................................clf__C=0.001; total time=  13.1s
[CV] END .......................clf__C=0.0031622776601683794; total time=   7.8s
[CV] END .......................................clf__C=0.001; total time=  16.8s
[CV] END .......................clf__C=0.0031622776601683794; total time=   9.5s
[CV] END .......................................clf__C=0.001; total time=  20.3s
[CV] END .......................clf__C=0.0031622776601683794; total time=   2.1s
[CV] END .......................clf__C=0.0031622776601683794; total time=   3.8s
[CV] END .......................clf__C=0.0031622776601683794; total time=  20.6s
[CV] END .......................clf__C=0.0031622776601683794; total time=   5.0s
[CV] END .......................clf__C=0.0031622776601683794; total time=  11.8s
[CV] END .......................clf__C=0.0031622776601683794; total time=  22.0s
[CV] END .......................clf__C=0.0031622776601683794; total time=  20.8s
[CV] END .......................clf__C=0.0031622776601683794; total time=  26.7s
[CV] END .......................clf__C=0.0031622776601683794; total time=  12.3s
[CV] END .......................clf__C=0.0031622776601683794; total time=  14.3s
[CV] END .......................clf__C=0.0031622776601683794; total time=   3.6s
[CV] END .......................clf__C=0.0031622776601683794; total time=   4.5s
[CV] END .......................clf__C=0.0031622776601683794; total time=   3.4s
[CV] END .......................clf__C=0.0031622776601683794; total time=   7.1s
[CV] END .......................clf__C=0.0031622776601683794; total time=   6.0s
[CV] END .......................clf__C=0.0031622776601683794; total time=  12.3s
[CV] END .......................clf__C=0.0031622776601683794; total time=   5.7s
[CV] END .......................clf__C=0.0031622776601683794; total time=  20.1s
[CV] END .......................clf__C=0.0031622776601683794; total time=  19.3s
[CV] END .......................clf__C=0.0031622776601683794; total time=  19.1s
[CV] END .......................clf__C=0.0031622776601683794; total time=  20.0s
[CV] END .......................clf__C=0.0031622776601683794; total time=  18.5s
[CV] END .......................clf__C=0.0031622776601683794; total time=  13.7s
[CV] END .......................clf__C=0.0031622776601683794; total time=   4.5s
[CV] END .......................clf__C=0.0031622776601683794; total time=  10.1s
[CV] END ........................................clf__C=0.01; total time=   5.3s
[CV] END .......................clf__C=0.0031622776601683794; total time=  10.2s
[CV] END ........................................clf__C=0.01; total time=  12.6s
[CV] END ........................................clf__C=0.01; total time=  15.4s
[CV] END ........................................clf__C=0.01; total time=  24.0s
[CV] END ........................................clf__C=0.01; total time=  25.7s
[CV] END ........................................clf__C=0.01; total time=  16.3s
[CV] END ........................................clf__C=0.01; total time=   6.8s
[CV] END ........................................clf__C=0.01; total time=  23.4s
[CV] END ........................................clf__C=0.01; total time=  33.6s
[CV] END ........................................clf__C=0.01; total time=   6.7s
[CV] END ........................................clf__C=0.01; total time=  36.6s
[CV] END ........................................clf__C=0.01; total time=   9.2s
[CV] END ........................................clf__C=0.01; total time=   4.0s
[CV] END ........................................clf__C=0.01; total time=  18.1s
[CV] END ........................................clf__C=0.01; total time=   5.1s
[CV] END ........................................clf__C=0.01; total time=  43.3s
[CV] END ........................................clf__C=0.01; total time=   8.8s
[CV] END ........................................clf__C=0.01; total time=   4.5s
[CV] END ........................................clf__C=0.01; total time=   3.9s
[CV] END ........................................clf__C=0.01; total time=   7.0s
[CV] END ........................................clf__C=0.01; total time=  30.9s
[CV] END ........................................clf__C=0.01; total time=  22.8s
[CV] END ........................................clf__C=0.01; total time=  44.0s
[CV] END ........................................clf__C=0.01; total time=  31.1s
[CV] END ........................................clf__C=0.01; total time=  20.9s
[CV] END ........................................clf__C=0.01; total time=  34.6s
[CV] END ........................................clf__C=0.01; total time=   7.9s
[CV] END ........................................clf__C=0.01; total time=  23.5s
[CV] END ........................................clf__C=0.01; total time=   6.8s
[CV] END ........................................clf__C=0.01; total time=   4.4s
[CV] END .........................clf__C=0.03162277660168379; total time=  12.8s
[CV] END .........................clf__C=0.03162277660168379; total time=  13.4s
[CV] END .........................clf__C=0.03162277660168379; total time=   8.5s
[CV] END .........................clf__C=0.03162277660168379; total time=  23.9s
[CV] END .........................clf__C=0.03162277660168379; total time=  17.2s
[CV] END .........................clf__C=0.03162277660168379; total time=  31.3s
[CV] END .........................clf__C=0.03162277660168379; total time=  10.2s
[CV] END .........................clf__C=0.03162277660168379; total time=  33.7s
[CV] END .........................clf__C=0.03162277660168379; total time=  38.5s
[CV] END .........................clf__C=0.03162277660168379; total time=   6.4s
[CV] END .........................clf__C=0.03162277660168379; total time=  13.4s
[CV] END .........................clf__C=0.03162277660168379; total time=   6.4s
[CV] END .........................clf__C=0.03162277660168379; total time=  46.1s
[CV] END .........................clf__C=0.03162277660168379; total time=  46.7s
[CV] END .........................clf__C=0.03162277660168379; total time=   6.7s
[CV] END .........................clf__C=0.03162277660168379; total time=   5.1s
[CV] END .........................clf__C=0.03162277660168379; total time=  18.4s
[CV] END .........................clf__C=0.03162277660168379; total time=   7.2s
[CV] END .........................clf__C=0.03162277660168379; total time=  46.7s
[CV] END .........................clf__C=0.03162277660168379; total time=  34.2s
[CV] END .........................clf__C=0.03162277660168379; total time=   9.2s
[CV] END .........................clf__C=0.03162277660168379; total time=  44.0s
[CV] END .........................clf__C=0.03162277660168379; total time=  19.9s
[CV] END .........................clf__C=0.03162277660168379; total time=  45.9s
[CV] END .........................clf__C=0.03162277660168379; total time=  38.7s
[CV] END .........................clf__C=0.03162277660168379; total time=  11.4s
[CV] END .........................clf__C=0.03162277660168379; total time=  37.3s
[CV] END .........................clf__C=0.03162277660168379; total time=  16.7s
[CV] END .........................clf__C=0.03162277660168379; total time=  18.1s
[CV] END .........................................clf__C=0.1; total time=   8.7s
[CV] END .........................clf__C=0.03162277660168379; total time=  27.8s
[CV] END .........................................clf__C=0.1; total time=  12.8s
[CV] END .........................................clf__C=0.1; total time=  23.8s
[CV] END .........................................clf__C=0.1; total time=  10.5s
[CV] END .........................................clf__C=0.1; total time=  32.6s
[CV] END .........................................clf__C=0.1; total time=  36.3s
[CV] END .........................................clf__C=0.1; total time=  34.7s
[CV] END .........................................clf__C=0.1; total time=  11.0s
[CV] END .........................................clf__C=0.1; total time=  19.2s
[CV] END .........................................clf__C=0.1; total time=  10.2s
[CV] END .........................................clf__C=0.1; total time=  13.0s
[CV] END .........................................clf__C=0.1; total time=  19.5s
[CV] END .........................................clf__C=0.1; total time=   8.4s
[CV] END .........................................clf__C=0.1; total time=  16.2s
[CV] END .........................................clf__C=0.1; total time= 1.1min
[CV] END .........................................clf__C=0.1; total time=   9.3s
[CV] END .........................................clf__C=0.1; total time=  57.3s
[CV] END .........................................clf__C=0.1; total time= 1.2min
[CV] END .........................................clf__C=0.1; total time=  10.3s
[CV] END .........................................clf__C=0.1; total time=   9.2s
[CV] END .........................................clf__C=0.1; total time=  54.9s
[CV] END .........................................clf__C=0.1; total time=  54.4s
[CV] END .........................................clf__C=0.1; total time=  10.3s
[CV] END .........................................clf__C=0.1; total time=  18.8s
[CV] END .........................clf__C=0.31622776601683794; total time=   9.9s
[CV] END .........................clf__C=0.31622776601683794; total time=  12.7s
[CV] END .........................................clf__C=0.1; total time=  49.5s
[CV] END .........................................clf__C=0.1; total time= 1.0min
[CV] END .........................clf__C=0.31622776601683794; total time=  23.1s
[CV] END .........................clf__C=0.31622776601683794; total time=   7.2s
[CV] END .........................clf__C=0.31622776601683794; total time=  10.3s
[CV] END .........................................clf__C=0.1; total time= 1.0min
[CV] END .........................................clf__C=0.1; total time= 1.2min
[CV] END .........................clf__C=0.31622776601683794; total time=  11.9s
[CV] END .........................................clf__C=0.1; total time= 1.0min
[CV] END .........................clf__C=0.31622776601683794; total time=  29.4s
[CV] END .........................................clf__C=0.1; total time= 1.0min
[CV] END .........................clf__C=0.31622776601683794; total time=  13.0s
[CV] END .........................clf__C=0.31622776601683794; total time=  16.9s
[CV] END .........................clf__C=0.31622776601683794; total time=   8.2s
[CV] END .........................clf__C=0.31622776601683794; total time=  57.5s
[CV] END .........................clf__C=0.31622776601683794; total time=   5.8s
[CV] END .........................clf__C=0.31622776601683794; total time=  17.1s
[CV] END .........................clf__C=0.31622776601683794; total time= 1.1min
[CV] END .........................clf__C=0.31622776601683794; total time=  10.4s
[CV] END .........................clf__C=0.31622776601683794; total time=  19.1s
[CV] END .........................clf__C=0.31622776601683794; total time= 1.1min
[CV] END .........................clf__C=0.31622776601683794; total time=  16.2s
[CV] END .........................clf__C=0.31622776601683794; total time=  54.5s
[CV] END .........................clf__C=0.31622776601683794; total time=  13.7s
[CV] END .........................clf__C=0.31622776601683794; total time= 1.1min
[CV] END .........................clf__C=0.31622776601683794; total time=  12.3s
[CV] END .........................clf__C=0.31622776601683794; total time= 1.2min
[CV] END .........................clf__C=0.31622776601683794; total time=   9.2s
[CV] END .........................clf__C=0.31622776601683794; total time=  53.4s
[CV] END .........................................clf__C=1.0; total time=   9.8s
[CV] END .........................clf__C=0.31622776601683794; total time=  16.9s
[CV] END .........................clf__C=0.31622776601683794; total time=  29.3s
[CV] END .........................................clf__C=1.0; total time=  12.8s
[CV] END .........................................clf__C=1.0; total time=  20.7s
[CV] END .........................clf__C=0.31622776601683794; total time= 1.2min
[CV] END .........................................clf__C=1.0; total time=  15.8s
[CV] END .........................................clf__C=1.0; total time=  14.0s
[CV] END .........................................clf__C=1.0; total time=   6.3s
[CV] END .........................clf__C=0.31622776601683794; total time= 1.1min
[CV] END .........................................clf__C=1.0; total time=  24.7s
[CV] END .........................clf__C=0.31622776601683794; total time= 1.4min
[CV] END .........................................clf__C=1.0; total time=  57.5s
[CV] END .........................................clf__C=1.0; total time=  10.3s
[CV] END .........................................clf__C=1.0; total time=   6.6s
[CV] END .........................................clf__C=1.0; total time= 1.3min
[CV] END .........................................clf__C=1.0; total time=  21.1s
[CV] END .........................................clf__C=1.0; total time=   7.8s
[CV] END .........................................clf__C=1.0; total time=   9.0s
[CV] END .........................................clf__C=1.0; total time= 1.5min
[CV] END .........................................clf__C=1.0; total time=  14.5s
[CV] END .........................................clf__C=1.0; total time=  30.1s
[CV] END .........................................clf__C=1.0; total time=  10.0s
[CV] END .........................................clf__C=1.0; total time= 1.6min
[CV] END .........................................clf__C=1.0; total time=  20.4s
[CV] END .........................................clf__C=1.0; total time= 1.2min
[CV] END .........................................clf__C=1.0; total time=  19.6s
[CV] END .........................................clf__C=1.0; total time= 1.2min
[CV] END .........................................clf__C=1.0; total time=  18.2s
[CV] END .........................................clf__C=1.0; total time= 1.4min
[CV] END .........................................clf__C=1.0; total time= 1.5min
[CV] END .........................................clf__C=1.0; total time=  26.9s
[CV] END ..........................clf__C=3.1622776601683795; total time=  16.4s
[CV] END ..........................clf__C=3.1622776601683795; total time=   9.6s
[CV] END .........................................clf__C=1.0; total time= 1.3min
[CV] END ..........................clf__C=3.1622776601683795; total time=  17.6s
[CV] END ..........................clf__C=3.1622776601683795; total time=  22.8s
[CV] END ..........................clf__C=3.1622776601683795; total time=  27.6s
[CV] END ..........................clf__C=3.1622776601683795; total time=  17.4s
[CV] END .........................................clf__C=1.0; total time= 1.4min
[CV] END .........................................clf__C=1.0; total time= 1.4min
[CV] END ..........................clf__C=3.1622776601683795; total time=  15.9s
[CV] END ..........................clf__C=3.1622776601683795; total time=   9.9s
[CV] END ..........................clf__C=3.1622776601683795; total time=  11.6s
[CV] END ..........................clf__C=3.1622776601683795; total time= 2.0min
[CV] END ..........................clf__C=3.1622776601683795; total time= 1.8min
[CV] END ..........................clf__C=3.1622776601683795; total time= 1.6min
[CV] END ..........................clf__C=3.1622776601683795; total time=  11.5s
[CV] END ..........................clf__C=3.1622776601683795; total time=  51.4s
[CV] END ..........................clf__C=3.1622776601683795; total time=  14.5s
[CV] END ..........................clf__C=3.1622776601683795; total time= 1.7min
[CV] END ..........................clf__C=3.1622776601683795; total time=  12.7s
[CV] END ..........................clf__C=3.1622776601683795; total time=  16.6s
[CV] END ..........................clf__C=3.1622776601683795; total time= 1.6min
[CV] END ..........................clf__C=3.1622776601683795; total time=  17.2s
[CV] END ..........................clf__C=3.1622776601683795; total time= 1.8min
[CV] END ..........................clf__C=3.1622776601683795; total time= 1.2min
[CV] END ..........................clf__C=3.1622776601683795; total time=  11.6s
[CV] END ..........................clf__C=3.1622776601683795; total time= 1.3min
[CV] END ........................................clf__C=10.0; total time=  20.6s
[CV] END ..........................clf__C=3.1622776601683795; total time= 1.6min
[CV] END ..........................clf__C=3.1622776601683795; total time=  53.2s
[CV] END ........................................clf__C=10.0; total time=  13.7s
[CV] END ........................................clf__C=10.0; total time=  19.4s
[CV] END ..........................clf__C=3.1622776601683795; total time= 1.8min
[CV] END ..........................clf__C=3.1622776601683795; total time= 2.3min
[CV] END ........................................clf__C=10.0; total time=  10.6s
[CV] END ..........................clf__C=3.1622776601683795; total time= 1.4min
[CV] END ........................................clf__C=10.0; total time=  12.3s
[CV] END ..........................clf__C=3.1622776601683795; total time= 1.6min
[CV] END ........................................clf__C=10.0; total time=  11.8s
[CV] END ........................................clf__C=10.0; total time=  18.3s
[CV] END ........................................clf__C=10.0; total time=  11.9s
[CV] END ........................................clf__C=10.0; total time= 1.7min
[CV] END ........................................clf__C=10.0; total time= 1.6min
[CV] END ........................................clf__C=10.0; total time=  12.8s
[CV] END ........................................clf__C=10.0; total time=  10.8s
[CV] END ........................................clf__C=10.0; total time= 2.5min
[CV] END ........................................clf__C=10.0; total time=  19.6s
[CV] END ........................................clf__C=10.0; total time= 1.8min
[CV] END ........................................clf__C=10.0; total time=  14.6s
[CV] END ........................................clf__C=10.0; total time=  13.3s
[CV] END ........................................clf__C=10.0; total time= 2.0min
[CV] END ........................................clf__C=10.0; total time=   8.8s
[CV] END ........................................clf__C=10.0; total time= 2.4min
[CV] END ........................................clf__C=10.0; total time=  17.5s
[CV] END ........................................clf__C=10.0; total time= 2.3min
[CV] END ........................................clf__C=10.0; total time=  16.7s

[CV] END ........................................clf__C=10.0; total time= 2.0min
[CV] END ..........................clf__C=31.622776601683793; total time=  17.8s
[CV] END ........................................clf__C=10.0; total time= 1.9min
[CV] END ........................................clf__C=10.0; total time= 2.4min
[CV] END ..........................clf__C=31.622776601683793; total time=  16.5s
[CV] END ..........................clf__C=31.622776601683793; total time=  16.9s
[CV] END ..........................clf__C=31.622776601683793; total time=  10.5s
[CV] END ..........................clf__C=31.622776601683793; total time= 1.2min
[CV] END ........................................clf__C=10.0; total time= 2.1min
[CV] END ..........................clf__C=31.622776601683793; total time=  20.3s
[CV] END ........................................clf__C=10.0; total time= 2.5min
[CV] END ..........................clf__C=31.622776601683793; total time=  13.2s
[CV] END ........................................clf__C=10.0; total time= 2.2min
[CV] END ..........................clf__C=31.622776601683793; total time=  17.8s
[CV] END ..........................clf__C=31.622776601683793; total time=  11.7s
[CV] END ........................................clf__C=10.0; total time= 2.2min
[CV] END ..........................clf__C=31.622776601683793; total time=  10.6s
[CV] END ..........................clf__C=31.622776601683793; total time=  14.2s
[CV] END ..........................clf__C=31.622776601683793; total time= 2.1min
[CV] END ..........................clf__C=31.622776601683793; total time=  10.3s
[CV] END ..........................clf__C=31.622776601683793; total time=  14.0s
[CV] END ..........................clf__C=31.622776601683793; total time=  14.4s
[CV] END ..........................clf__C=31.622776601683793; total time= 2.0min
[CV] END ..........................clf__C=31.622776601683793; total time=  15.2s
[CV] END ..........................clf__C=31.622776601683793; total time= 2.3min
[CV] END ..........................clf__C=31.622776601683793; total time= 3.1min
[CV] END ..........................clf__C=31.622776601683793; total time=  17.8s
[CV] END ..........................clf__C=31.622776601683793; total time=  12.9s
[CV] END ..........................clf__C=31.622776601683793; total time= 2.3min
[CV] END ..........................clf__C=31.622776601683793; total time=  12.3s
[CV] END .......................................clf__C=100.0; total time=  20.3s
[CV] END ..........................clf__C=31.622776601683793; total time= 3.2min
[CV] END .......................................clf__C=100.0; total time=  21.1s
[CV] END ..........................clf__C=31.622776601683793; total time= 2.2min
[CV] END ..........................clf__C=31.622776601683793; total time= 3.0min
[CV] END .......................................clf__C=100.0; total time=  24.8s
[CV] END .......................................clf__C=100.0; total time=  22.9s
[CV] END ..........................clf__C=31.622776601683793; total time= 2.2min
[CV] END ..........................clf__C=31.622776601683793; total time= 2.4min
[CV] END .......................................clf__C=100.0; total time=  14.1s
[CV] END .......................................clf__C=100.0; total time=  17.0s
[CV] END ..........................clf__C=31.622776601683793; total time= 2.2min
[CV] END .......................................clf__C=100.0; total time=  12.1s
[CV] END .......................................clf__C=100.0; total time=  18.1s
[CV] END .......................................clf__C=100.0; total time=  24.9s
[CV] END ..........................clf__C=31.622776601683793; total time= 3.6min
[CV] END .......................................clf__C=100.0; total time= 2.6min
[CV] END .......................................clf__C=100.0; total time=  22.5s
[CV] END .......................................clf__C=100.0; total time=  16.5s
[CV] END .......................................clf__C=100.0; total time=  17.3s
[CV] END .......................................clf__C=100.0; total time= 3.0min
[CV] END .......................................clf__C=100.0; total time= 2.4min
[CV] END .......................................clf__C=100.0; total time=  27.6s
[CV] END .......................................clf__C=100.0; total time= 3.9min
[CV] END .......................................clf__C=100.0; total time=  20.0s
[CV] END .......................................clf__C=100.0; total time=  17.2s
[CV] END .......................................clf__C=100.0; total time=  11.8s
[CV] END .......................................clf__C=100.0; total time=  13.2s
[CV] END .......................................clf__C=100.0; total time= 3.5min
[CV] END .......................................clf__C=100.0; total time= 3.9min

[CV] END .......................................clf__C=100.0; total time=  13.7s
[CV] END ...........................clf__C=316.2277660168379; total time=  22.4s
[CV] END .......................................clf__C=100.0; total time= 3.0min
[CV] END ...........................clf__C=316.2277660168379; total time=  14.9s
[CV] END .......................................clf__C=100.0; total time= 3.3min
[CV] END ...........................clf__C=316.2277660168379; total time=  21.3s
[CV] END .......................................clf__C=100.0; total time= 2.8min
[CV] END ...........................clf__C=316.2277660168379; total time=  16.6s
[CV] END ...........................clf__C=316.2277660168379; total time=  21.5s
[CV] END ...........................clf__C=316.2277660168379; total time=  13.4s
[CV] END ...........................clf__C=316.2277660168379; total time=  18.4s
[CV] END .......................................clf__C=100.0; total time= 3.4min
[CV] END ...........................clf__C=316.2277660168379; total time= 2.3min
[CV] END .......................................clf__C=100.0; total time= 2.4min
[CV] END .......................................clf__C=100.0; total time= 4.0min
[CV] END ...........................clf__C=316.2277660168379; total time=  22.9s
[CV] END ...........................clf__C=316.2277660168379; total time=  17.0s
[CV] END ...........................clf__C=316.2277660168379; total time=  15.4s
[CV] END ...........................clf__C=316.2277660168379; total time=   7.1s
[CV] END ...........................clf__C=316.2277660168379; total time=  20.9s
[CV] END ...........................clf__C=316.2277660168379; total time=  14.6s
[CV] END ...........................clf__C=316.2277660168379; total time=  16.5s
[CV] END ...........................clf__C=316.2277660168379; total time=  15.1s
[CV] END ...........................clf__C=316.2277660168379; total time= 3.9min
[CV] END ...........................clf__C=316.2277660168379; total time= 3.7min
[CV] END ...........................clf__C=316.2277660168379; total time= 2.4min
[CV] END ...........................clf__C=316.2277660168379; total time=  22.1s
[CV] END ...........................clf__C=316.2277660168379; total time=  18.5s
[CV] END ...........................clf__C=316.2277660168379; total time= 4.0min
[CV] END ...........................clf__C=316.2277660168379; total time=  12.7s
[CV] END ......................................clf__C=1000.0; total time=  17.1s
[CV] END ...........................clf__C=316.2277660168379; total time= 3.2min
[CV] END ...........................clf__C=316.2277660168379; total time= 3.4min
[CV] END ......................................clf__C=1000.0; total time=  15.3s
[CV] END ...........................clf__C=316.2277660168379; total time= 3.6min
[CV] END ......................................clf__C=1000.0; total time=  14.2s
[CV] END ......................................clf__C=1000.0; total time=  21.4s
[CV] END ......................................clf__C=1000.0; total time=  19.9s
[CV] END ......................................clf__C=1000.0; total time=  16.2s
[CV] END ......................................clf__C=1000.0; total time=  21.9s
[CV] END ......................................clf__C=1000.0; total time=  25.5s
[CV] END ...........................clf__C=316.2277660168379; total time= 3.7min
[CV] END ......................................clf__C=1000.0; total time=  20.2s
[CV] END ...........................clf__C=316.2277660168379; total time= 3.5min
[CV] END ...........................clf__C=316.2277660168379; total time= 3.1min
[CV] END ......................................clf__C=1000.0; total time=  19.7s
[CV] END ......................................clf__C=1000.0; total time=  21.6s
[CV] END ...........................clf__C=316.2277660168379; total time= 4.6min
[CV] END ......................................clf__C=1000.0; total time=  27.8s
[CV] END ......................................clf__C=1000.0; total time=  17.8s
[CV] END ......................................clf__C=1000.0; total time= 4.0min
[CV] END ......................................clf__C=1000.0; total time=  15.8s
[CV] END ......................................clf__C=1000.0; total time= 4.3min
[CV] END ......................................clf__C=1000.0; total time=  16.3s
[CV] END ......................................clf__C=1000.0; total time=  20.3s
[CV] END ......................................clf__C=1000.0; total time= 4.9min
[CV] END ......................................clf__C=1000.0; total time=  19.4s
[CV] END ......................................clf__C=1000.0; total time=  10.7s
[CV] END ......................................clf__C=1000.0; total time=  20.6s
[CV] END ......................................clf__C=1000.0; total time= 3.3min
[CV] END ......................................clf__C=1000.0; total time=  14.6s
[CV] END ......................................clf__C=1000.0; total time= 3.5min
[CV] END ......................................clf__C=1000.0; total time= 3.3min
[CV] END ......................................clf__C=1000.0; total time= 2.4min
[CV] END ......................................clf__C=1000.0; total time= 1.8min
[CV] END ......................................clf__C=1000.0; total time= 1.8min
/home/elarreaa/jepa-big-earth/.venv/lib/python3.13/site-packages/sklearn/linear_model/_logistic.py:406: ConvergenceWarning: lbfgs failed to converge after 2000 iteration(s) (status=1):
STOP: TOTAL NO. OF ITERATIONS REACHED LIMIT

Increase the number of iterations to improve the convergence (max_iter=2000).
You might also want to scale the data as shown in:
    https://scikit-learn.org/stable/modules/preprocessing.html
Please also refer to the documentation for alternative solver options:
    https://scikit-learn.org/stable/modules/linear_model.html#logistic-regression
  n_iter_i = _check_optimize_result(
[CV] END ......................................clf__C=1000.0; total time= 1.2min
[tune] 2/3 validation_curve
[Parallel(n_jobs=8)]: Using backend LokyBackend with 8 concurrent workers.

\/home/elarreaa/jepa-big-earth/.venv/lib/python3.13/site-packages/sklearn/linear_model/_logistic.py:406: ConvergenceWarning: lbfgs failed to converge after 2000 iteration(s) (status=1):
STOP: TOTAL NO. OF ITERATIONS REACHED LIMIT

Increase the number of iterations to improve the convergence (max_iter=2000).
You might also want to scale the data as shown in:
    https://scikit-learn.org/stable/modules/preprocessing.html
Please also refer to the documentation for alternative solver options:
    https://scikit-learn.org/stable/modules/linear_model.html#logistic-regression
  n_iter_i = _check_optimize_result(
[Parallel(n_jobs=8)]: Done 390 out of 390 | elapsed: 36.5min finished
[tune] 3/3 learning_curve (best C=0.01)
[learning_curve] Training set sizes: [ 900 2057 3214 4371 5528 6685 7842 9000]
[Parallel(n_jobs=8)]: Using backend LokyBackend with 8 concurrent workers.
[Parallel(n_jobs=8)]: Done 240 out of 240 | elapsed:  5.0min finished
[time] <<< tune: 4808.5s
[time] >>> compare ...
[time] <<< compare: 193.3s
[time] >>> tsne ...
[time] <<< tsne: 14.2s
[time] --- resumen por etapa ---
[time]   scan+subset       748.6s   12.9%
[time]   eda                 0.6s    0.0%
[time]   jepa encode        31.1s    0.5%
[time]   tune             4808.5s   83.0%
[time]   compare           193.3s    3.3%
[time]   tsne               14.2s    0.2%
[time]   TOTAL            5796.3s

      31.622776601683793,
      100.0,
      316.2277660168379,
      1000.0
    ],
    "val_bal_acc_mean": [
      0.7214333333333333,
      0.7291333333333334,
      0.7327666666666668,
      0.7303000000000001,
      0.7195333333333334,
      0.7069333333333335,
      0.6934666666666666,
      0.6805333333333332,
      0.6722333333333331,
      0.6656666666666666,
      0.6594,
      0.6576333333333333,
      0.6566
    ]
  },
  "comparison": {
    "cv": "3 repeticiones x 10 folds",
    "logreg_bal_acc_mean": 0.7327666666666668,
    "logreg_bal_acc_std": 0.015239604835938355,
    "svm_bal_acc_mean": 0.7405666666666667,
    "svm_bal_acc_std": 0.015118825645164669,
    "wilcoxon_stat": 54.5,
    "p_value": 0.0004223407080020405,
    "alpha": 0.05,
    "verdict": "Se rechaza H0 (p=0.0004223 < 0.05): diferencia significativa. Mejor modelo: SVM."
  }
}
(.venv) /home/elarreaa/jepa-big-earth#
(.venv) /home/elarreaa/jepa-big-earth#
(.venv) /home/elarreaa/jepa-big-earth#
(.venv) /home/elarreaa/jepa-big-earth#
[0] 0:bash*
