(.venv) /home/elarreaa/jepa-big-earth# make run-all
python main.py all
[time] >>> scan+subset ...
[time] <<< scan+subset: 11.0s
[time] >>> eda ...
[time] <<< eda: 0.6s
[time] >>> jepa encode ...
[time] <<< jepa encode: 0.5s
[time] >>> tune ...
[tune] 1/2 GridSearchCV: 9 C x 10x3 folds
Fitting 30 folds for each of 9 candidates, totalling 270 fits
[CV] END .......................................clf__C=0.001; total time=   0.5s
[CV] END .......................................clf__C=0.001; total time=   0.6s
[CV] END .......................................clf__C=0.001; total time=   1.0s
[CV] END .......................................clf__C=0.001; total time=   1.0s
[CV] END .......................................clf__C=0.001; total time=   1.1s
[CV] END .......................................clf__C=0.001; total time=   1.3s
[CV] END .......................................clf__C=0.001; total time=   1.4s
[CV] END .......................................clf__C=0.001; total time=   1.4s
[CV] END .......................................clf__C=0.001; total time=   0.8s
[CV] END .......................................clf__C=0.001; total time=   0.9s
[CV] END .......................................clf__C=0.001; total time=   0.8s
[CV] END .......................................clf__C=0.001; total time=   0.8s
[CV] END .......................................clf__C=0.001; total time=   0.9s
[CV] END .......................................clf__C=0.001; total time=   1.2s
[CV] END .......................................clf__C=0.001; total time=   1.0s
[CV] END .......................................clf__C=0.001; total time=   1.7s
[CV] END .......................................clf__C=0.001; total time=   1.9s
[CV] END .......................................clf__C=0.001; total time=   2.2s
[CV] END .......................................clf__C=0.001; total time=   2.3s
[CV] END .......................................clf__C=0.001; total time=   2.3s
[CV] END .......................................clf__C=0.001; total time=   2.3s
[CV] END .......................................clf__C=0.001; total time=   1.6s
[CV] END .......................................clf__C=0.001; total time=   1.4s
[CV] END .......................................clf__C=0.001; total time=   1.2s
[CV] END .......................................clf__C=0.001; total time=   1.0s
[CV] END .......................................clf__C=0.001; total time=   0.9s
[CV] END .......................................clf__C=0.001; total time=   0.8s
[CV] END .......................................clf__C=0.001; total time=   0.8s
[CV] END .......................................clf__C=0.001; total time=   0.8s
[CV] END .......................................clf__C=0.001; total time=   0.9s
[CV] END .......................clf__C=0.0031622776601683794; total time=   1.6s
[CV] END .......................clf__C=0.0031622776601683794; total time=   2.1s
[CV] END .......................clf__C=0.0031622776601683794; total time=   2.8s
[CV] END .......................clf__C=0.0031622776601683794; total time=   2.6s
[CV] END .......................clf__C=0.0031622776601683794; total time=   3.5s
[CV] END .......................clf__C=0.0031622776601683794; total time=   3.8s
[CV] END .......................clf__C=0.0031622776601683794; total time=   3.4s
[CV] END .......................clf__C=0.0031622776601683794; total time=   3.9s
[CV] END .......................clf__C=0.0031622776601683794; total time=   2.8s
[CV] END .......................clf__C=0.0031622776601683794; total time=   3.6s
[CV] END .......................clf__C=0.0031622776601683794; total time=   2.5s
[CV] END .......................clf__C=0.0031622776601683794; total time=   2.1s
[CV] END .......................clf__C=0.0031622776601683794; total time=   2.1s
[CV] END .......................clf__C=0.0031622776601683794; total time=   2.1s
[CV] END .......................clf__C=0.0031622776601683794; total time=   1.5s
[CV] END .......................clf__C=0.0031622776601683794; total time=   2.1s
[CV] END .......................clf__C=0.0031622776601683794; total time=   1.6s
[CV] END .......................clf__C=0.0031622776601683794; total time=   2.0s
[CV] END .......................clf__C=0.0031622776601683794; total time=   1.7s
[CV] END .......................clf__C=0.0031622776601683794; total time=   1.9s
[CV] END .......................clf__C=0.0031622776601683794; total time=   2.2s
[CV] END .......................clf__C=0.0031622776601683794; total time=   2.3s
[CV] END .......................clf__C=0.0031622776601683794; total time=   2.7s
[CV] END .......................clf__C=0.0031622776601683794; total time=   2.2s
[CV] END .......................clf__C=0.0031622776601683794; total time=   2.4s
[CV] END .......................clf__C=0.0031622776601683794; total time=   1.4s
[CV] END .......................clf__C=0.0031622776601683794; total time=   1.8s
[CV] END .......................clf__C=0.0031622776601683794; total time=   1.8s
[CV] END .......................clf__C=0.0031622776601683794; total time=   1.4s
[CV] END .......................clf__C=0.0031622776601683794; total time=   1.2s
[CV] END ........................................clf__C=0.01; total time=   1.3s
[CV] END ........................................clf__C=0.01; total time=   1.5s
[CV] END ........................................clf__C=0.01; total time=   2.3s
[CV] END ........................................clf__C=0.01; total time=   3.9s
[CV] END ........................................clf__C=0.01; total time=   5.4s
[CV] END ........................................clf__C=0.01; total time=   8.3s
[CV] END ........................................clf__C=0.01; total time=   8.8s
[CV] END ........................................clf__C=0.01; total time=  10.2s
[CV] END ........................................clf__C=0.01; total time=   9.8s
[CV] END ........................................clf__C=0.01; total time=   9.6s
[CV] END ........................................clf__C=0.01; total time=   7.2s
[CV] END ........................................clf__C=0.01; total time=   6.2s
[CV] END ........................................clf__C=0.01; total time=  12.1s
[CV] END ........................................clf__C=0.01; total time=   3.8s
[CV] END ........................................clf__C=0.01; total time=   3.9s
[CV] END ........................................clf__C=0.01; total time=   4.3s
[CV] END ........................................clf__C=0.01; total time=   2.9s
[CV] END ........................................clf__C=0.01; total time=   5.5s
[CV] END ........................................clf__C=0.01; total time=   5.1s
[CV] END ........................................clf__C=0.01; total time=   5.5s
[CV] END ........................................clf__C=0.01; total time=  11.8s
[CV] END ........................................clf__C=0.01; total time=  15.4s
[CV] END ........................................clf__C=0.01; total time=  17.8s
[CV] END ........................................clf__C=0.01; total time=  19.5s
[CV] END ........................................clf__C=0.01; total time=  20.6s
[CV] END ........................................clf__C=0.01; total time=  19.3s
[CV] END ........................................clf__C=0.01; total time=  25.6s
[CV] END ........................................clf__C=0.01; total time=  23.6s
[CV] END .........................clf__C=0.03162277660168379; total time=   8.5s
[CV] END .........................clf__C=0.03162277660168379; total time=  15.5s
[CV] END .........................clf__C=0.03162277660168379; total time=  17.6s
[CV] END ........................................clf__C=0.01; total time=  19.6s
[CV] END ........................................clf__C=0.01; total time=  19.3s
[CV] END .........................clf__C=0.03162277660168379; total time=   9.9s
[CV] END .........................clf__C=0.03162277660168379; total time=  12.3s
[CV] END .........................clf__C=0.03162277660168379; total time=   8.8s
[CV] END .........................clf__C=0.03162277660168379; total time=  15.7s
[CV] END .........................clf__C=0.03162277660168379; total time=   4.4s
[CV] END .........................clf__C=0.03162277660168379; total time=   5.0s
[CV] END .........................clf__C=0.03162277660168379; total time=   4.8s
[CV] END .........................clf__C=0.03162277660168379; total time=   9.9s
[CV] END .........................clf__C=0.03162277660168379; total time=  11.9s
[CV] END .........................clf__C=0.03162277660168379; total time=  13.3s
[CV] END .........................clf__C=0.03162277660168379; total time=  15.6s
[CV] END .........................clf__C=0.03162277660168379; total time=  11.8s
[CV] END .........................clf__C=0.03162277660168379; total time=  12.5s
[CV] END .........................clf__C=0.03162277660168379; total time=  12.2s
[CV] END .........................clf__C=0.03162277660168379; total time=  18.8s
[CV] END .........................clf__C=0.03162277660168379; total time=  13.3s
[CV] END .........................clf__C=0.03162277660168379; total time=  10.7s
[CV] END .........................clf__C=0.03162277660168379; total time=  10.8s
[CV] END .........................clf__C=0.03162277660168379; total time=  13.3s
[CV] END .........................clf__C=0.03162277660168379; total time=  17.7s
[CV] END .........................clf__C=0.03162277660168379; total time=  17.1s
[CV] END .........................clf__C=0.03162277660168379; total time=  17.2s
[CV] END .........................clf__C=0.03162277660168379; total time=  14.5s
[CV] END .........................clf__C=0.03162277660168379; total time=   7.9s
[CV] END .........................clf__C=0.03162277660168379; total time=  16.2s
[CV] END .........................clf__C=0.03162277660168379; total time=  13.5s
[CV] END .........................clf__C=0.03162277660168379; total time=  17.3s
[CV] END .........................................clf__C=0.1; total time=   9.2s
[CV] END .........................................clf__C=0.1; total time=   5.5s
[CV] END .........................................clf__C=0.1; total time=  17.0s
[CV] END .........................................clf__C=0.1; total time=  19.1s
[CV] END .........................................clf__C=0.1; total time=  11.7s
[CV] END .........................................clf__C=0.1; total time=  17.6s
[CV] END .........................................clf__C=0.1; total time=  19.3s
[CV] END .........................................clf__C=0.1; total time=  17.4s
[CV] END .........................................clf__C=0.1; total time=  11.0s
[CV] END .........................................clf__C=0.1; total time=  21.7s
[CV] END .........................................clf__C=0.1; total time=  15.1s
[CV] END .........................................clf__C=0.1; total time=  13.4s
[CV] END .........................................clf__C=0.1; total time=  36.2s
[CV] END .........................................clf__C=0.1; total time=  11.5s
[CV] END .........................................clf__C=0.1; total time=  17.3s
[CV] END .........................................clf__C=0.1; total time=  18.4s
[CV] END .........................................clf__C=0.1; total time=  10.9s
[CV] END .........................................clf__C=0.1; total time=  14.1s
[CV] END .........................................clf__C=0.1; total time=  23.2s
[CV] END .........................................clf__C=0.1; total time=  22.8s
[CV] END .........................................clf__C=0.1; total time=   7.2s
[CV] END .........................................clf__C=0.1; total time=  11.0s
[CV] END .........................................clf__C=0.1; total time=   5.3s
[CV] END .........................................clf__C=0.1; total time=  13.7s
[CV] END .........................................clf__C=0.1; total time=   7.5s
[CV] END .........................................clf__C=0.1; total time=   9.8s
[CV] END .........................................clf__C=0.1; total time=  10.7s
[CV] END .........................................clf__C=0.1; total time=  10.7s
[CV] END .........................................clf__C=0.1; total time=  14.7s
[CV] END .........................clf__C=0.31622776601683794; total time=  14.2s
[CV] END .........................................clf__C=0.1; total time=  20.5s
[CV] END .........................clf__C=0.31622776601683794; total time=  11.6s
[CV] END .........................clf__C=0.31622776601683794; total time=  21.4s
[CV] END .........................clf__C=0.31622776601683794; total time=  12.3s
[CV] END .........................clf__C=0.31622776601683794; total time=  25.4s
[CV] END .........................clf__C=0.31622776601683794; total time=  20.1s
[CV] END .........................clf__C=0.31622776601683794; total time=  16.5s
[CV] END .........................clf__C=0.31622776601683794; total time=  15.5s
[CV] END .........................clf__C=0.31622776601683794; total time=  11.9s
[CV] END .........................clf__C=0.31622776601683794; total time=  13.2s
[CV] END .........................clf__C=0.31622776601683794; total time=  13.4s
[CV] END .........................clf__C=0.31622776601683794; total time=  10.8s
[CV] END .........................clf__C=0.31622776601683794; total time=   6.6s
[CV] END .........................clf__C=0.31622776601683794; total time=  25.9s
[CV] END .........................clf__C=0.31622776601683794; total time=  13.3s
[CV] END .........................clf__C=0.31622776601683794; total time=  28.6s
[CV] END .........................clf__C=0.31622776601683794; total time=  22.7s
[CV] END .........................clf__C=0.31622776601683794; total time=  15.8s
[CV] END .........................clf__C=0.31622776601683794; total time=  24.1s
[CV] END .........................clf__C=0.31622776601683794; total time=  28.6s
[CV] END .........................clf__C=0.31622776601683794; total time=  13.0s
[CV] END .........................clf__C=0.31622776601683794; total time=  18.6s
[CV] END .........................clf__C=0.31622776601683794; total time=  23.5s
[CV] END .........................clf__C=0.31622776601683794; total time=   9.1s
[CV] END .........................clf__C=0.31622776601683794; total time=  12.7s
[CV] END .........................clf__C=0.31622776601683794; total time=   6.5s
[CV] END .........................clf__C=0.31622776601683794; total time=  22.3s
[CV] END .........................clf__C=0.31622776601683794; total time=  26.7s
[CV] END .........................clf__C=0.31622776601683794; total time=  24.7s
[CV] END .........................................clf__C=1.0; total time=  15.4s
[CV] END .........................................clf__C=1.0; total time=  17.5s
[CV] END .........................clf__C=0.31622776601683794; total time=  27.5s
[CV] END .........................................clf__C=1.0; total time=  15.1s
[CV] END .........................................clf__C=1.0; total time=  31.9s
[CV] END .........................................clf__C=1.0; total time=  14.5s
[CV] END .........................................clf__C=1.0; total time=  17.6s
[CV] END .........................................clf__C=1.0; total time=  18.4s
[CV] END .........................................clf__C=1.0; total time=  11.8s
[CV] END .........................................clf__C=1.0; total time=  18.1s
[CV] END .........................................clf__C=1.0; total time=  17.4s
[CV] END .........................................clf__C=1.0; total time=   4.9s
[CV] END .........................................clf__C=1.0; total time=  17.5s
[CV] END .........................................clf__C=1.0; total time=  17.4s
[CV] END .........................................clf__C=1.0; total time=  17.4s
[CV] END .........................................clf__C=1.0; total time=  15.9s
[CV] END .........................................clf__C=1.0; total time=  20.8s
[CV] END .........................................clf__C=1.0; total time=  19.4s
[CV] END .........................................clf__C=1.0; total time=  24.4s
[CV] END .........................................clf__C=1.0; total time=  27.6s
[CV] END .........................................clf__C=1.0; total time=  30.5s
[CV] END .........................................clf__C=1.0; total time=  20.3s
[CV] END .........................................clf__C=1.0; total time=  20.6s
[CV] END .........................................clf__C=1.0; total time=  32.6s
[CV] END .........................................clf__C=1.0; total time=  22.6s
[CV] END .........................................clf__C=1.0; total time=  32.0s
[CV] END .........................................clf__C=1.0; total time=  38.2s
[CV] END .........................................clf__C=1.0; total time=  12.1s
[CV] END .........................................clf__C=1.0; total time=  10.5s
[CV] END .........................................clf__C=1.0; total time=  38.9s
[CV] END .........................................clf__C=1.0; total time=  33.1s
[CV] END ..........................clf__C=3.1622776601683795; total time=  21.4s
[CV] END ..........................clf__C=3.1622776601683795; total time=  27.2s
[CV] END ..........................clf__C=3.1622776601683795; total time=  29.6s
[CV] END ..........................clf__C=3.1622776601683795; total time=  24.5s
[CV] END ..........................clf__C=3.1622776601683795; total time=  33.3s
[CV] END ..........................clf__C=3.1622776601683795; total time=  30.9s
[CV] END ..........................clf__C=3.1622776601683795; total time=  17.0s
[CV] END ..........................clf__C=3.1622776601683795; total time=  23.4s
[CV] END ..........................clf__C=3.1622776601683795; total time=  47.6s
[CV] END ..........................clf__C=3.1622776601683795; total time=  35.2s
[CV] END ..........................clf__C=3.1622776601683795; total time=  21.4s
[CV] END ..........................clf__C=3.1622776601683795; total time=  27.0s
[CV] END ..........................clf__C=3.1622776601683795; total time=  20.3s
[CV] END ..........................clf__C=3.1622776601683795; total time=  27.9s
[CV] END ..........................clf__C=3.1622776601683795; total time=  45.4s
[CV] END ..........................clf__C=3.1622776601683795; total time=  38.6s
[CV] END ..........................clf__C=3.1622776601683795; total time=  28.7s
[CV] END ..........................clf__C=3.1622776601683795; total time=  20.2s
[CV] END ..........................clf__C=3.1622776601683795; total time=  38.9s
[CV] END ..........................clf__C=3.1622776601683795; total time=  38.4s
[CV] END ..........................clf__C=3.1622776601683795; total time=  17.0s
[CV] END ..........................clf__C=3.1622776601683795; total time=  45.1s
[CV] END ..........................clf__C=3.1622776601683795; total time=  28.4s
[CV] END ..........................clf__C=3.1622776601683795; total time=  33.1s
[CV] END ..........................clf__C=3.1622776601683795; total time=  19.9s
[CV] END ..........................clf__C=3.1622776601683795; total time=  28.3s
[CV] END ..........................clf__C=3.1622776601683795; total time=  28.6s
[CV] END ..........................clf__C=3.1622776601683795; total time=  29.8s
[CV] END ..........................clf__C=3.1622776601683795; total time=  39.8s
[CV] END ........................................clf__C=10.0; total time=  22.1s
[CV] END ..........................clf__C=3.1622776601683795; total time=  49.0s
[CV] END ........................................clf__C=10.0; total time=  47.6s
[CV] END ........................................clf__C=10.0; total time=  34.8s
[CV] END ........................................clf__C=10.0; total time=  43.6s
[CV] END ........................................clf__C=10.0; total time=  14.2s
[CV] END ........................................clf__C=10.0; total time=  34.6s
[CV] END ........................................clf__C=10.0; total time=  24.3s
[CV] END ........................................clf__C=10.0; total time=  45.4s
[CV] END ........................................clf__C=10.0; total time=  20.8s
[CV] END ........................................clf__C=10.0; total time=  26.3s
[CV] END ........................................clf__C=10.0; total time=  34.0s
[CV] END ........................................clf__C=10.0; total time=  26.9s
[CV] END ........................................clf__C=10.0; total time=  38.6s
[CV] END ........................................clf__C=10.0; total time=  35.3s
[CV] END ........................................clf__C=10.0; total time=  46.2s
[CV] END ........................................clf__C=10.0; total time=  32.9s
[CV] END ........................................clf__C=10.0; total time=  42.9s
[CV] END ........................................clf__C=10.0; total time=  27.6s
[CV] END ........................................clf__C=10.0; total time=  41.0s
[CV] END ........................................clf__C=10.0; total time=  38.3s
[CV] END ........................................clf__C=10.0; total time=  34.2s
[CV] END ........................................clf__C=10.0; total time=  36.6s
[CV] END ........................................clf__C=10.0; total time=  33.0s
[CV] END ........................................clf__C=10.0; total time=  31.8s
[CV] END ........................................clf__C=10.0; total time=  22.4s
[CV] END ........................................clf__C=10.0; total time=  22.0s
[CV] END ........................................clf__C=10.0; total time=  12.8s
[CV] END ........................................clf__C=10.0; total time=  11.1s
[CV] END ........................................clf__C=10.0; total time=   9.4s
[CV] END ........................................clf__C=10.0; total time=   7.3s
[tune] 2/2 learning_curve (best C=0.01)
[learning_curve] Training set sizes: [ 900 2057 3214 4371 5528 6685 7842 9000]
[Parallel(n_jobs=8)]: Using backend LokyBackend with 8 concurrent workers.
[Parallel(n_jobs=8)]: Done 240 out of 240 | elapsed:  7.9min finished
[time] <<< tune: 1010.4s
[time] >>> compare ...
[time] <<< compare: 150.2s
[time] >>> tsne ...

      0.0031622776601683794,
      0.01,
      0.03162277660168379,
      0.1,
      0.31622776601683794,
      1.0,
      3.1622776601683795,
      10.0
    ],
    "val_bal_acc_mean": [
      0.7211666666666667,
      0.7297333333333333,
      0.7331333333333334,
      0.7284000000000002,
      0.7189666666666666,
      0.7091000000000001,
      0.6974000000000001,
      0.6908999999999998,
      0.6855666666666667
    ]
  },
  "comparison": {
    "cv": "3 repeticiones x 10 folds",
    "logreg_bal_acc_mean": 0.7331333333333334,
    "logreg_bal_acc_std": 0.015206869792593359,
    "svm_bal_acc_mean": 0.7405666666666667,
    "svm_bal_acc_std": 0.015118825645164669,
    "wilcoxon_stat": 59.0,
    "p_value": 0.0006087669009628581,
    "alpha": 0.05,
    "verdict": "Se rechaza H0 (p=0.0006088 < 0.05): diferencia significativa. Mejor modelo: SVM."
  }
}
(.venv) /home/elarreaa/jepa-big-earth#
[0] 0:bash*
